This file contains any messages produced by compilers while
running configure, to aid debugging if configure makes a mistake.

It was created by rnnoise configure unknown, which was
generated by GNU Autoconf 2.71.  Invocation command line was

  $ ./configure

## --------- ##
## Platform. ##
## --------- ##

hostname = lambiengcodes-MacBook-Pro.local
uname -m = x86_64
uname -r = 22.5.0
uname -s = Darwin
uname -v = Darwin Kernel Version 22.5.0: Thu Jun  8 22:22:19 PDT 2023; root:xnu-8796.121.3~7/RELEASE_ARM64_T8103

/usr/bin/uname -p = i386
/bin/uname -X     = unknown

/bin/arch              = unknown
/usr/bin/arch -k       = unknown
/usr/convex/getsysinfo = unknown
/usr/bin/hostinfo      = Mach kernel version:
	 Darwin Kernel Version 22.5.0: Thu Jun  8 22:22:19 PDT 2023; root:xnu-8796.121.3~7/RELEASE_ARM64_T8103
Kernel configured for up to 8 processors.
8 processors are physically available.
8 processors are logically available.
Processor type: i486 (Intel 80486)
Processors active: 0 1 2 3 4 5 6 7
Primary memory available: 16.00 gigabytes
Default processor set: 484 tasks, 2777 threads, 8 processors
Load average: 1.05, Mach factor: 6.94
/bin/machine           = unknown
/usr/bin/oslevel       = unknown
/bin/universe          = unknown

PATH: /opt/homebrew/bin/
PATH: /Applications/flutter/bin/
PATH: /Users/lambiengcode/bin/
PATH: /usr/local/bin/
PATH: /usr/local/bin/
PATH: /System/Cryptexes/App/usr/bin/
PATH: /usr/bin/
PATH: /bin/
PATH: /usr/sbin/
PATH: /sbin/
PATH: /usr/local/go/bin/
PATH: /Library/Apple/usr/bin/
PATH: /Applications/flutter/bin/
PATH: /Users/lambiengcode/bin/
PATH: /Users/lambiengcode/.cargo/bin/
PATH: //flutter/bin/
PATH: /Users/lambiengcode/Library/Android/sdk/tools/
PATH: /Users/lambiengcode/Library/Android/sdk/tools/bin/
PATH: /Users/lambiengcode/Library/Android/sdk/platform-tools/
PATH: /Users/lambiengcode/.pub-cache/bin/
PATH: /Users/lambiengcode/Documents/askany_mobile/flutter/bin/
PATH: /Users/lambiengcode/Library/Android/sdk/tools/
PATH: /Users/lambiengcode/Library/Android/sdk/tools/bin/
PATH: /Users/lambiengcode/Library/Android/sdk/platform-tools/
PATH: /Users/lambiengcode/.pub-cache/bin/
PATH: /Users/lambiengcode/.rvm/bin/


## ----------- ##
## Core tests. ##
## ----------- ##

configure:2385: looking for aux files: config.guess config.sub ltmain.sh missing install-sh compile
configure:2398:  trying ./
configure:2427:   ./config.guess found
configure:2427:   ./config.sub found
configure:2427:   ./ltmain.sh found
configure:2427:   ./missing found
configure:2409:   ./install-sh found
configure:2427:   ./compile found
configure:2608: checking for gcc
configure:2629: found /usr/bin/gcc
configure:2640: result: gcc
configure:2993: checking for C compiler version
configure:3002: gcc --version >&5
Apple clang version 14.0.3 (clang-1403.0.22.14.1)
Target: x86_64-apple-darwin22.5.0
Thread model: posix
InstalledDir: /Applications/Xcode.app/Contents/Developer/Toolchains/XcodeDefault.xctoolchain/usr/bin
configure:3013: $? = 0
configure:3002: gcc -v >&5
Apple clang version 14.0.3 (clang-1403.0.22.14.1)
Target: x86_64-apple-darwin22.5.0
Thread model: posix
InstalledDir: /Applications/Xcode.app/Contents/Developer/Toolchains/XcodeDefault.xctoolchain/usr/bin
configure:3013: $? = 0
configure:3002: gcc -V >&5
clang: error: argument to '-V' is missing (expected 1 value)
clang: error: no input files
configure:3013: $? = 1
configure:3002: gcc -qversion >&5
clang: error: unknown argument '-qversion'; did you mean '--version'?
clang: error: no input files
configure:3013: $? = 1
configure:3002: gcc -version >&5
clang: error: unknown argument '-version'; did you mean '--version'?
clang: error: no input files
configure:3013: $? = 1
configure:3033: checking whether the C compiler works
configure:3055: gcc    conftest.c  >&5
configure:3059: $? = 0
configure:3109: result: yes
configure:3112: checking for C compiler default output file name
configure:3114: result: a.out
configure:3120: checking for suffix of executables
configure:3127: gcc -o conftest    conftest.c  >&5
configure:3131: $? = 0
configure:3154: result: 
configure:3176: checking whether we are cross compiling
configure:3184: gcc -o conftest    conftest.c  >&5
configure:3188: $? = 0
configure:3195: ./conftest
configure:3199: $? = 0
configure:3214: result: no
configure:3219: checking for suffix of object files
configure:3242: gcc -c   conftest.c >&5
configure:3246: $? = 0
configure:3268: result: o
configure:3272: checking whether the compiler supports GNU C
configure:3292: gcc -c   conftest.c >&5
configure:3292: $? = 0
configure:3302: result: yes
configure:3313: checking whether gcc accepts -g
configure:3334: gcc -c -g  conftest.c >&5
configure:3334: $? = 0
configure:3378: result: yes
configure:3398: checking for gcc option to enable C11 features
configure:3413: gcc  -c -g -O2  conftest.c >&5
conftest.c:23:14: warning: a function declaration without a prototype is deprecated in all versions of C and is not supported in C2x [-Wdeprecated-non-prototype]
static char *e (p, i)
             ^
1 warning generated.
configure:3413: $? = 0
configure:3431: result: none needed
configure:3547: checking whether gcc understands -c and -o together
configure:3570: gcc -c conftest.c -o conftest2.o
configure:3573: $? = 0
configure:3570: gcc -c conftest.c -o conftest2.o
configure:3573: $? = 0
configure:3585: result: yes
configure:3607: checking for stdio.h
configure:3607: gcc -c -g -O2  conftest.c >&5
configure:3607: $? = 0
configure:3607: result: yes
configure:3607: checking for stdlib.h
configure:3607: gcc -c -g -O2  conftest.c >&5
configure:3607: $? = 0
configure:3607: result: yes
configure:3607: checking for string.h
configure:3607: gcc -c -g -O2  conftest.c >&5
configure:3607: $? = 0
configure:3607: result: yes
configure:3607: checking for inttypes.h
configure:3607: gcc -c -g -O2  conftest.c >&5
configure:3607: $? = 0
configure:3607: result: yes
configure:3607: checking for stdint.h
configure:3607: gcc -c -g -O2  conftest.c >&5
configure:3607: $? = 0
configure:3607: result: yes
configure:3607: checking for strings.h
configure:3607: gcc -c -g -O2  conftest.c >&5
configure:3607: $? = 0
configure:3607: result: yes
configure:3607: checking for sys/stat.h
configure:3607: gcc -c -g -O2  conftest.c >&5
configure:3607: $? = 0
configure:3607: result: yes
configure:3607: checking for sys/types.h
configure:3607: gcc -c -g -O2  conftest.c >&5
configure:3607: $? = 0
configure:3607: result: yes
configure:3607: checking for unistd.h
configure:3607: gcc -c -g -O2  conftest.c >&5
configure:3607: $? = 0
configure:3607: result: yes
configure:3607: checking for wchar.h
configure:3607: gcc -c -g -O2  conftest.c >&5
configure:3607: $? = 0
configure:3607: result: yes
configure:3607: checking for minix/config.h
configure:3607: gcc -c -g -O2  conftest.c >&5
conftest.c:47:10: fatal error: 'minix/config.h' file not found
#include <minix/config.h>
         ^~~~~~~~~~~~~~~~
1 error generated.
configure:3607: $? = 1
configure: failed program was:
| /* confdefs.h */
| #define PACKAGE_NAME "rnnoise"
| #define PACKAGE_TARNAME "rnnoise"
| #define PACKAGE_VERSION "unknown"
| #define PACKAGE_STRING "rnnoise unknown"
| #define PACKAGE_BUGREPORT "jmvalin@jmvalin.ca"
| #define PACKAGE_URL ""
| #define HAVE_STDIO_H 1
| #define HAVE_STDLIB_H 1
| #define HAVE_STRING_H 1
| #define HAVE_INTTYPES_H 1
| #define HAVE_STDINT_H 1
| #define HAVE_STRINGS_H 1
| #define HAVE_SYS_STAT_H 1
| #define HAVE_SYS_TYPES_H 1
| #define HAVE_UNISTD_H 1
| #define HAVE_WCHAR_H 1
| /* end confdefs.h.  */
| #include <stddef.h>
| #ifdef HAVE_STDIO_H
| # include <stdio.h>
| #endif
| #ifdef HAVE_STDLIB_H
| # include <stdlib.h>
| #endif
| #ifdef HAVE_STRING_H
| # include <string.h>
| #endif
| #ifdef HAVE_INTTYPES_H
| # include <inttypes.h>
| #endif
| #ifdef HAVE_STDINT_H
| # include <stdint.h>
| #endif
| #ifdef HAVE_STRINGS_H
| # include <strings.h>
| #endif
| #ifdef HAVE_SYS_TYPES_H
| # include <sys/types.h>
| #endif
| #ifdef HAVE_SYS_STAT_H
| # include <sys/stat.h>
| #endif
| #ifdef HAVE_UNISTD_H
| # include <unistd.h>
| #endif
| #include <minix/config.h>
configure:3607: result: no
configure:3638: checking whether it is safe to define __EXTENSIONS__
configure:3657: gcc -c -g -O2  conftest.c >&5
configure:3657: $? = 0
configure:3665: result: yes
configure:3668: checking whether _XOPEN_SOURCE should be defined
configure:3690: gcc -c -g -O2  conftest.c >&5
configure:3690: $? = 0
configure:3717: result: no
configure:3781: checking for special C compiler options needed for large files
configure:3829: result: no
configure:3835: checking for _FILE_OFFSET_BITS value needed for large files
configure:3861: gcc -c -g -O2  conftest.c >&5
configure:3861: $? = 0
configure:3895: result: no
configure:3995: checking for a BSD-compatible install
configure:4068: result: /usr/bin/install -c
configure:4079: checking whether build environment is sane
configure:4134: result: yes
configure:4289: checking for a race-free mkdir -p
configure:4333: result: ./install-sh -c -d
configure:4340: checking for gawk
configure:4375: result: no
configure:4340: checking for mawk
configure:4375: result: no
configure:4340: checking for nawk
configure:4375: result: no
configure:4340: checking for awk
configure:4361: found /usr/bin/awk
configure:4372: result: awk
configure:4383: checking whether make sets $(MAKE)
configure:4406: result: yes
configure:4428: checking whether make supports the include directive
configure:4443: make -f confmf.GNU && cat confinc.out
this is the am__doit target
configure:4446: $? = 0
configure:4465: result: yes (GNU style)
configure:4500: checking whether make supports nested variables
configure:4518: result: yes
configure:4594: checking dependency style of gcc
configure:4706: result: gcc3
configure:4779: checking whether to enable maintainer-specific portions of Makefiles
configure:4789: result: yes
configure:4803: checking for inline
configure:4820: gcc -c -g -O2  conftest.c >&5
configure:4820: $? = 0
configure:4829: result: inline
configure:4880: checking build system type
configure:4895: result: x86_64-apple-darwin22.5.0
configure:4915: checking host system type
configure:4929: result: x86_64-apple-darwin22.5.0
configure:4970: checking how to print strings
configure:4997: result: printf
configure:5018: checking for a sed that does not truncate output
configure:5088: result: /usr/bin/sed
configure:5106: checking for grep that handles long lines and -e
configure:5170: result: /usr/bin/grep
configure:5175: checking for egrep
configure:5243: result: /usr/bin/grep -E
configure:5248: checking for fgrep
configure:5316: result: /usr/bin/grep -F
configure:5352: checking for ld used by gcc
configure:5420: result: /Applications/Xcode.app/Contents/Developer/Toolchains/XcodeDefault.xctoolchain/usr/bin/ld
configure:5427: checking if the linker (/Applications/Xcode.app/Contents/Developer/Toolchains/XcodeDefault.xctoolchain/usr/bin/ld) is GNU ld
configure:5443: result: no
configure:5455: checking for BSD- or MS-compatible name lister (nm)
configure:5510: result: /usr/bin/nm -B
configure:5650: checking the name lister (/usr/bin/nm -B) interface
configure:5658: gcc -c -g -O2  conftest.c >&5
configure:5661: /usr/bin/nm -B "conftest.o"
configure:5664: output
0000000000000258 S _some_variable
configure:5671: result: BSD nm
configure:5674: checking whether ln -s works
configure:5678: result: yes
configure:5686: checking the maximum length of command line arguments
configure:5818: result: 786432
configure:5866: checking how to convert x86_64-apple-darwin22.5.0 file names to x86_64-apple-darwin22.5.0 format
configure:5907: result: func_convert_file_noop
configure:5914: checking how to convert x86_64-apple-darwin22.5.0 file names to toolchain format
configure:5935: result: func_convert_file_noop
configure:5942: checking for /Applications/Xcode.app/Contents/Developer/Toolchains/XcodeDefault.xctoolchain/usr/bin/ld option to reload object files
configure:5950: result: -r
configure:6029: checking for file
configure:6050: found /usr/bin/file
configure:6061: result: file
configure:6137: checking for objdump
configure:6158: found /usr/bin/objdump
configure:6169: result: objdump
configure:6201: checking how to recognize dependent libraries
configure:6402: result: pass_all
configure:6492: checking for dlltool
configure:6527: result: no
configure:6557: checking how to associate runtime and link libraries
configure:6585: result: printf %s\n
configure:6650: checking for ar
configure:6671: found /usr/bin/ar
configure:6682: result: ar
configure:6735: checking for archiver @FILE support
configure:6753: gcc -c -g -O2  conftest.c >&5
configure:6753: $? = 0
configure:6757: ar cr libconftest.a @conftest.lst >&5
ar: @conftest.lst: No such file or directory
configure:6760: $? = 1
configure:6780: result: no
configure:6843: checking for strip
configure:6864: found /usr/bin/strip
configure:6875: result: strip
configure:6952: checking for ranlib
configure:6973: found /usr/bin/ranlib
configure:6984: result: ranlib
configure:7086: checking command to parse /usr/bin/nm -B output from gcc object
configure:7240: gcc -c -g -O2  conftest.c >&5
configure:7243: $? = 0
configure:7247: /usr/bin/nm -B conftest.o \| /usr/bin/sed -n -e 's/^.*[ ]\([ABCDGIRSTW][ABCDGIRSTW]*\)[ ][ ]*\([_A-Za-z][_A-Za-z0-9]*\)$/\1 \2 \2/p' | /usr/bin/sed '/ __gnu_lto/d' \> conftest.nm
configure:7250: $? = 0
cannot find nm_test_var in conftest.nm
configure:7240: gcc -c -g -O2  conftest.c >&5
configure:7243: $? = 0
configure:7247: /usr/bin/nm -B conftest.o \| /usr/bin/sed -n -e 's/^.*[ ]\([ABCDGIRSTW][ABCDGIRSTW]*\)[ ][ ]*_\([_A-Za-z][_A-Za-z0-9]*\)$/\1 _\2 \2/p' | /usr/bin/sed '/ __gnu_lto/d' \> conftest.nm
configure:7250: $? = 0
configure:7316: gcc -o conftest -g -O2   conftest.c conftstm.o >&5
warning: (x86_64)  could not find object file symbol for symbol _main
configure:7319: $? = 0
configure:7357: result: ok
configure:7404: checking for sysroot
configure:7435: result: no
configure:7442: checking for a working dd
configure:7486: result: /bin/dd
configure:7490: checking how to truncate binary pipes
configure:7506: result: /bin/dd bs=4096 count=1
configure:7843: checking for mt
configure:7878: result: no
configure:7898: checking if : is a manifest tool
configure:7905: : '-?'
configure:7913: result: no
configure:7974: checking for dsymutil
configure:7995: found /usr/bin/dsymutil
configure:8006: result: dsymutil
configure:8076: checking for nmedit
configure:8097: found /usr/bin/nmedit
configure:8108: result: nmedit
configure:8178: checking for lipo
configure:8199: found /usr/bin/lipo
configure:8210: result: lipo
configure:8280: checking for otool
configure:8301: found /usr/bin/otool
configure:8312: result: otool
configure:8382: checking for otool64
configure:8417: result: no
configure:8462: checking for -single_module linker flag
gcc -g -O2  -o libconftest.dylib -dynamiclib -Wl,-single_module conftest.c
configure:8496: result: yes
configure:8499: checking for -exported_symbols_list linker flag
configure:8520: gcc -o conftest -g -O2   -Wl,-exported_symbols_list,conftest.sym conftest.c  >&5
configure:8520: $? = 0
configure:8531: result: yes
configure:8534: checking for -force_load linker flag
gcc -g -O2 -c -o conftest.o conftest.c
ar cr libconftest.a conftest.o
ranlib libconftest.a
gcc -g -O2  -o conftest conftest.c -Wl,-force_load,./libconftest.a
configure:8567: result: yes
configure:8634: checking for dlfcn.h
configure:8634: gcc -c -g -O2  conftest.c >&5
configure:8634: $? = 0
configure:8634: result: yes
configure:8893: checking for objdir
configure:8909: result: .libs
configure:9173: checking if gcc supports -fno-rtti -fno-exceptions
configure:9192: gcc -c -g -O2  -fno-rtti -fno-exceptions conftest.c >&5
configure:9196: $? = 0
configure:9209: result: yes
configure:9567: checking for gcc option to produce PIC
configure:9575: result: -fno-common -DPIC
configure:9583: checking if gcc PIC flag -fno-common -DPIC works
configure:9602: gcc -c -g -O2  -fno-common -DPIC -DPIC conftest.c >&5
configure:9606: $? = 0
configure:9619: result: yes
configure:9648: checking if gcc static flag -static works
configure:9677: result: no
configure:9692: checking if gcc supports -c -o file.o
configure:9714: gcc -c -g -O2  -o out/conftest2.o conftest.c >&5
configure:9718: $? = 0
configure:9740: result: yes
configure:9748: checking if gcc supports -c -o file.o
configure:9796: result: yes
configure:9829: checking whether the gcc linker (/Applications/Xcode.app/Contents/Developer/Toolchains/XcodeDefault.xctoolchain/usr/bin/ld) supports shared libraries
configure:11097: result: yes
configure:11338: checking dynamic linker characteristics
configure:12159: result: darwin22.5.0 dyld
configure:12281: checking how to hardcode library paths into programs
configure:12306: result: immediate
configure:12858: checking whether stripping libraries is possible
configure:12875: result: yes
configure:12909: checking if libtool supports shared libraries
configure:12911: result: yes
configure:12914: checking whether to build shared libraries
configure:12939: result: yes
configure:12942: checking whether to build static libraries
configure:12946: result: yes
configure:12996: checking whether make supports nested variables
configure:13014: result: yes
configure:13042: checking if gcc supports -pedantic flag
configure:13059: gcc -o conftest -g -O2 -pedantic   conftest.c  >&5
conftest.c:39:9: warning: a function declaration without a prototype is deprecated in all versions of C [-Wstrict-prototypes]
int main() { return 0; }
        ^
         void
1 warning generated.
configure:13059: $? = 0
configure:13079: result: yes
configure:13042: checking if gcc supports -Wall flag
configure:13059: gcc -o conftest -g -O2 -pedantic -Wall   conftest.c  >&5
conftest.c:39:9: warning: a function declaration without a prototype is deprecated in all versions of C [-Wstrict-prototypes]
int main() { return 0; }
        ^
         void
1 warning generated.
configure:13059: $? = 0
configure:13079: result: yes
configure:13042: checking if gcc supports -Wextra flag
configure:13059: gcc -o conftest -g -O2 -pedantic -Wall -Wextra   conftest.c  >&5
conftest.c:39:9: warning: a function declaration without a prototype is deprecated in all versions of C [-Wstrict-prototypes]
int main() { return 0; }
        ^
         void
1 warning generated.
configure:13059: $? = 0
configure:13079: result: yes
configure:13042: checking if gcc supports -Wno-sign-compare flag
configure:13059: gcc -o conftest -g -O2 -pedantic -Wall -Wextra -Wno-sign-compare   conftest.c  >&5
conftest.c:39:9: warning: a function declaration without a prototype is deprecated in all versions of C [-Wstrict-prototypes]
int main() { return 0; }
        ^
         void
1 warning generated.
configure:13059: $? = 0
configure:13079: result: yes
configure:13042: checking if gcc supports -Wno-parentheses flag
configure:13059: gcc -o conftest -g -O2 -pedantic -Wall -Wextra -Wno-sign-compare -Wno-parentheses   conftest.c  >&5
conftest.c:39:9: warning: a function declaration without a prototype is deprecated in all versions of C [-Wstrict-prototypes]
int main() { return 0; }
        ^
         void
1 warning generated.
configure:13059: $? = 0
configure:13079: result: yes
configure:13042: checking if gcc supports -Wno-long-long flag
configure:13059: gcc -o conftest -g -O2 -pedantic -Wall -Wextra -Wno-sign-compare -Wno-parentheses -Wno-long-long   conftest.c  >&5
conftest.c:39:9: warning: a function declaration without a prototype is deprecated in all versions of C [-Wstrict-prototypes]
int main() { return 0; }
        ^
         void
1 warning generated.
configure:13059: $? = 0
configure:13079: result: yes
configure:13343: checking for gcc way to treat warnings as errors
configure:13360: gcc -o conftest -g -O2 -pedantic -Wall -Wextra -Wno-sign-compare -Wno-parentheses -Wno-long-long -Werror   conftest.c  >&5
conftest.c:39:9: error: a function declaration without a prototype is deprecated in all versions of C [-Werror,-Wstrict-prototypes]
int main() { return 0; }
        ^
         void
1 error generated.
configure:13360: $? = 1
configure: failed program was:
| /* confdefs.h */
| #define PACKAGE_NAME "rnnoise"
| #define PACKAGE_TARNAME "rnnoise"
| #define PACKAGE_VERSION "unknown"
| #define PACKAGE_STRING "rnnoise unknown"
| #define PACKAGE_BUGREPORT "jmvalin@jmvalin.ca"
| #define PACKAGE_URL ""
| #define HAVE_STDIO_H 1
| #define HAVE_STDLIB_H 1
| #define HAVE_STRING_H 1
| #define HAVE_INTTYPES_H 1
| #define HAVE_STDINT_H 1
| #define HAVE_STRINGS_H 1
| #define HAVE_SYS_STAT_H 1
| #define HAVE_SYS_TYPES_H 1
| #define HAVE_UNISTD_H 1
| #define HAVE_WCHAR_H 1
| #define STDC_HEADERS 1
| #define _ALL_SOURCE 1
| #define _DARWIN_C_SOURCE 1
| #define _GNU_SOURCE 1
| #define _HPUX_ALT_XOPEN_SOCKET_API 1
| #define _NETBSD_SOURCE 1
| #define _OPENBSD_SOURCE 1
| #define _POSIX_PTHREAD_SEMANTICS 1
| #define __STDC_WANT_IEC_60559_ATTRIBS_EXT__ 1
| #define __STDC_WANT_IEC_60559_BFP_EXT__ 1
| #define __STDC_WANT_IEC_60559_DFP_EXT__ 1
| #define __STDC_WANT_IEC_60559_FUNCS_EXT__ 1
| #define __STDC_WANT_IEC_60559_TYPES_EXT__ 1
| #define __STDC_WANT_LIB_EXT2__ 1
| #define __STDC_WANT_MATH_SPEC_FUNCS__ 1
| #define _TANDEM_SOURCE 1
| #define __EXTENSIONS__ 1
| #define HAVE_DLFCN_H 1
| #define LT_OBJDIR ".libs/"
| #define RNNOISE_BUILD /**/
| /* end confdefs.h.  */
| int main() { return 0; }
configure:13388: gcc -o conftest -g -O2 -pedantic -Wall -Wextra -Wno-sign-compare -Wno-parentheses -Wno-long-long -errwarn=%all   conftest.c  >&5
conftest.c:39:9: warning: a function declaration without a prototype is deprecated in all versions of C [-Wstrict-prototypes]
int main() { return 0; }
        ^
         void
1 warning generated.
Undefined symbols for architecture x86_64:
  "rrwarn=%all", referenced from:
     implicit entry/start for main executable
ld: symbol(s) not found for architecture x86_64
clang: error: linker command failed with exit code 1 (use -v to see invocation)
configure:13388: $? = 1
configure: failed program was:
| /* confdefs.h */
| #define PACKAGE_NAME "rnnoise"
| #define PACKAGE_TARNAME "rnnoise"
| #define PACKAGE_VERSION "unknown"
| #define PACKAGE_STRING "rnnoise unknown"
| #define PACKAGE_BUGREPORT "jmvalin@jmvalin.ca"
| #define PACKAGE_URL ""
| #define HAVE_STDIO_H 1
| #define HAVE_STDLIB_H 1
| #define HAVE_STRING_H 1
| #define HAVE_INTTYPES_H 1
| #define HAVE_STDINT_H 1
| #define HAVE_STRINGS_H 1
| #define HAVE_SYS_STAT_H 1
| #define HAVE_SYS_TYPES_H 1
| #define HAVE_UNISTD_H 1
| #define HAVE_WCHAR_H 1
| #define STDC_HEADERS 1
| #define _ALL_SOURCE 1
| #define _DARWIN_C_SOURCE 1
| #define _GNU_SOURCE 1
| #define _HPUX_ALT_XOPEN_SOCKET_API 1
| #define _NETBSD_SOURCE 1
| #define _OPENBSD_SOURCE 1
| #define _POSIX_PTHREAD_SEMANTICS 1
| #define __STDC_WANT_IEC_60559_ATTRIBS_EXT__ 1
| #define __STDC_WANT_IEC_60559_BFP_EXT__ 1
| #define __STDC_WANT_IEC_60559_DFP_EXT__ 1
| #define __STDC_WANT_IEC_60559_FUNCS_EXT__ 1
| #define __STDC_WANT_IEC_60559_TYPES_EXT__ 1
| #define __STDC_WANT_LIB_EXT2__ 1
| #define __STDC_WANT_MATH_SPEC_FUNCS__ 1
| #define _TANDEM_SOURCE 1
| #define __EXTENSIONS__ 1
| #define HAVE_DLFCN_H 1
| #define LT_OBJDIR ".libs/"
| #define RNNOISE_BUILD /**/
| /* end confdefs.h.  */
| int main() { return 0; }
configure:13410: result: 
configure:13416: checking if gcc supports __attribute__(( visibility("default") ))
configure:13428: gcc -c -g -O2 -pedantic -Wall -Wextra -Wno-sign-compare -Wno-parentheses -Wno-long-long   conftest.c >&5
conftest.c:39:61: warning: a function declaration without a prototype is deprecated in all versions of C [-Wstrict-prototypes]
void __attribute__((visibility("default"))) default_function() { }
                                                            ^
                                                             void
1 warning generated.
configure:13428: $? = 0
configure:13438: result: yes
configure:13449: checking if gcc supports -fvisibility=hidden
configure:13468: gcc -o conftest -g -O2 -pedantic -Wall -Wextra -Wno-sign-compare -Wno-parentheses -Wno-long-long  -fvisibility=hidden   conftest.c  >&5
conftest.c:40:9: warning: a function declaration without a prototype is deprecated in all versions of C [-Wstrict-prototypes]
int main() { return 0; }
        ^
         void
1 warning generated.
configure:13468: $? = 0
configure:13490: result: yes
configure:13521: checking for doxygen
configure:13554: result: no
configure:13564: checking for dot
configure:13597: result: no
configure:13734: checking that generated files are newer than configure
configure:13740: result: done
configure:13779: creating ./config.status

## ---------------------- ##
## Running config.status. ##
## ---------------------- ##

This file was extended by rnnoise config.status unknown, which was
generated by GNU Autoconf 2.71.  Invocation command line was

  CONFIG_FILES    = 
  CONFIG_HEADERS  = 
  CONFIG_LINKS    = 
  CONFIG_COMMANDS = 
  $ ./config.status 

on lambiengcodes-MacBook-Pro.local

config.status:1116: creating Makefile
config.status:1116: creating rnnoise.pc
config.status:1116: creating rnnoise-uninstalled.pc
config.status:1116: creating doc/Doxyfile
config.status:1116: creating config.h
config.status:1345: executing depfiles commands
config.status:1422: cd .       && sed -e '/# am--include-marker/d' Makefile         | make -f - am--depfiles
config.status:1427: $? = 0
config.status:1345: executing libtool commands
configure:15933:
------------------------------------------------------------------------
  rnnoise unknown: Automatic configuration OK.

    Assertions ................... no

    Hidden visibility ............ yes

    API code examples ............ yes
    API documentation ............ yes
------------------------------------------------------------------------


## ---------------- ##
## Cache variables. ##
## ---------------- ##

ac_cv_build=x86_64-apple-darwin22.5.0
ac_cv_c_compiler_gnu=yes
ac_cv_c_inline=inline
ac_cv_env_CC_set=
ac_cv_env_CC_value=
ac_cv_env_CFLAGS_set=
ac_cv_env_CFLAGS_value=
ac_cv_env_CPPFLAGS_set=
ac_cv_env_CPPFLAGS_value=
ac_cv_env_LDFLAGS_set=
ac_cv_env_LDFLAGS_value=
ac_cv_env_LIBS_set=
ac_cv_env_LIBS_value=
ac_cv_env_LT_SYS_LIBRARY_PATH_set=
ac_cv_env_LT_SYS_LIBRARY_PATH_value=
ac_cv_env_build_alias_set=
ac_cv_env_build_alias_value=
ac_cv_env_host_alias_set=
ac_cv_env_host_alias_value=
ac_cv_env_target_alias_set=
ac_cv_env_target_alias_value=
ac_cv_header_dlfcn_h=yes
ac_cv_header_inttypes_h=yes
ac_cv_header_minix_config_h=no
ac_cv_header_stdint_h=yes
ac_cv_header_stdio_h=yes
ac_cv_header_stdlib_h=yes
ac_cv_header_string_h=yes
ac_cv_header_strings_h=yes
ac_cv_header_sys_stat_h=yes
ac_cv_header_sys_types_h=yes
ac_cv_header_unistd_h=yes
ac_cv_header_wchar_h=yes
ac_cv_host=x86_64-apple-darwin22.5.0
ac_cv_objext=o
ac_cv_path_EGREP='/usr/bin/grep -E'
ac_cv_path_FGREP='/usr/bin/grep -F'
ac_cv_path_GREP=/usr/bin/grep
ac_cv_path_SED=/usr/bin/sed
ac_cv_path_install='/usr/bin/install -c'
ac_cv_path_lt_DD=/bin/dd
ac_cv_prog_AWK=awk
ac_cv_prog_HAVE_DOT=no
ac_cv_prog_HAVE_DOXYGEN=no
ac_cv_prog_ac_ct_AR=ar
ac_cv_prog_ac_ct_CC=gcc
ac_cv_prog_ac_ct_DSYMUTIL=dsymutil
ac_cv_prog_ac_ct_FILECMD=file
ac_cv_prog_ac_ct_LIPO=lipo
ac_cv_prog_ac_ct_NMEDIT=nmedit
ac_cv_prog_ac_ct_OBJDUMP=objdump
ac_cv_prog_ac_ct_OTOOL=otool
ac_cv_prog_ac_ct_RANLIB=ranlib
ac_cv_prog_ac_ct_STRIP=strip
ac_cv_prog_cc_c11=
ac_cv_prog_cc_g=yes
ac_cv_prog_cc_stdc=
ac_cv_prog_make_make_set=yes
ac_cv_safe_to_define___extensions__=yes
ac_cv_should_define__xopen_source=no
ac_cv_sys_file_offset_bits=no
ac_cv_sys_largefile_CC=no
am_cv_CC_dependencies_compiler_type=gcc3
am_cv_make_support_nested_variables=yes
am_cv_prog_cc_c_o=yes
cc_cv_attribute_visibility_default=yes
cc_cv_cflags__Wall=yes
cc_cv_cflags__Werror=no
cc_cv_cflags__Wextra=yes
cc_cv_cflags__Wno_long_long=yes
cc_cv_cflags__Wno_parentheses=yes
cc_cv_cflags__Wno_sign_compare=yes
cc_cv_cflags__errwarn__all=no
cc_cv_cflags__fvisibility_hidden=yes
cc_cv_cflags__pedantic=yes
cc_cv_flag_visibility=yes
lt_cv_apple_cc_single_mod=yes
lt_cv_ar_at_file=no
lt_cv_deplibs_check_method=pass_all
lt_cv_file_magic_cmd='$MAGIC_CMD'
lt_cv_file_magic_test_file=
lt_cv_ld_exported_symbols_list=yes
lt_cv_ld_force_load=yes
lt_cv_ld_reload_flag=-r
lt_cv_nm_interface='BSD nm'
lt_cv_objdir=.libs
lt_cv_path_LD=/Applications/Xcode.app/Contents/Developer/Toolchains/XcodeDefault.xctoolchain/usr/bin/ld
lt_cv_path_NM='/usr/bin/nm -B'
lt_cv_path_mainfest_tool=no
lt_cv_prog_compiler_c_o=yes
lt_cv_prog_compiler_pic='-fno-common -DPIC'
lt_cv_prog_compiler_pic_works=yes
lt_cv_prog_compiler_rtti_exceptions=yes
lt_cv_prog_compiler_static_works=no
lt_cv_prog_gnu_ld=no
lt_cv_sharedlib_from_linklib_cmd='printf %s\n'
lt_cv_sys_global_symbol_pipe='/usr/bin/sed -n -e '\''s/^.*[	 ]\([ABCDGIRSTW][ABCDGIRSTW]*\)[	 ][	 ]*_\([_A-Za-z][_A-Za-z0-9]*\)$/\1 _\2 \2/p'\'' | /usr/bin/sed '\''/ __gnu_lto/d'\'''
lt_cv_sys_global_symbol_to_c_name_address='/usr/bin/sed -n -e '\''s/^: \(.*\) .*$/  {"\1", (void *) 0},/p'\'' -e '\''s/^[ABCDGIRSTW][ABCDGIRSTW]* .* \(.*\)$/  {"\1", (void *) \&\1},/p'\'''
lt_cv_sys_global_symbol_to_c_name_address_lib_prefix='/usr/bin/sed -n -e '\''s/^: \(.*\) .*$/  {"\1", (void *) 0},/p'\'' -e '\''s/^[ABCDGIRSTW][ABCDGIRSTW]* .* \(lib.*\)$/  {"\1", (void *) \&\1},/p'\'' -e '\''s/^[ABCDGIRSTW][ABCDGIRSTW]* .* \(.*\)$/  {"lib\1", (void *) \&\1},/p'\'''
lt_cv_sys_global_symbol_to_cdecl='/usr/bin/sed -n -e '\''s/^T .* \(.*\)$/extern int \1();/p'\'' -e '\''s/^[ABCDGIRSTW][ABCDGIRSTW]* .* \(.*\)$/extern char \1;/p'\'''
lt_cv_sys_global_symbol_to_import=
lt_cv_sys_max_cmd_len=786432
lt_cv_to_host_file_cmd=func_convert_file_noop
lt_cv_to_tool_file_cmd=func_convert_file_noop
lt_cv_truncate_bin='/bin/dd bs=4096 count=1'

## ----------------- ##
## Output variables. ##
## ----------------- ##

ACLOCAL='${SHELL} '\''/Users/lambiengcode/Documents/webrtc/rnnoise/missing'\'' aclocal-1.16'
AMDEPBACKSLASH='\'
AMDEP_FALSE='#'
AMDEP_TRUE=''
AMTAR='$${TAR-tar}'
AM_BACKSLASH='\'
AM_DEFAULT_V='$(AM_DEFAULT_VERBOSITY)'
AM_DEFAULT_VERBOSITY='0'
AM_V='$(V)'
AR='ar'
AUTOCONF='${SHELL} '\''/Users/lambiengcode/Documents/webrtc/rnnoise/missing'\'' autoconf'
AUTOHEADER='${SHELL} '\''/Users/lambiengcode/Documents/webrtc/rnnoise/missing'\'' autoheader'
AUTOMAKE='${SHELL} '\''/Users/lambiengcode/Documents/webrtc/rnnoise/missing'\'' automake-1.16'
AWK='awk'
CC='gcc'
CCDEPMODE='depmode=gcc3'
CFLAGS='-g -O2 -pedantic -Wall -Wextra -Wno-sign-compare -Wno-parentheses -Wno-long-long -fvisibility=hidden'
CPPFLAGS=''
CSCOPE='cscope'
CTAGS='ctags'
CYGPATH_W='echo'
DEFS='-DHAVE_CONFIG_H'
DEPDIR='.deps'
DLLTOOL='false'
DSYMUTIL='dsymutil'
DUMPBIN=''
ECHO_C='\c'
ECHO_N=''
ECHO_T=''
EGREP='/usr/bin/grep -E'
ETAGS='etags'
EXEEXT=''
FGREP='/usr/bin/grep -F'
FILECMD='file'
GREP='/usr/bin/grep'
HAVE_DOT='no'
HAVE_DOXYGEN='no'
HAVE_DOXYGEN_FALSE=''
HAVE_DOXYGEN_TRUE='#'
INSTALL_DATA='${INSTALL} -m 644'
INSTALL_PROGRAM='${INSTALL}'
INSTALL_SCRIPT='${INSTALL}'
INSTALL_STRIP_PROGRAM='$(install_sh) -c -s'
LD='/Applications/Xcode.app/Contents/Developer/Toolchains/XcodeDefault.xctoolchain/usr/bin/ld'
LDFLAGS=''
LIBM=''
LIBOBJS=''
LIBS=''
LIBTOOL='$(SHELL) $(top_builddir)/libtool'
LIPO='lipo'
LN_S='ln -s'
LTLIBOBJS=''
LT_SYS_LIBRARY_PATH=''
MAINT=''
MAINTAINER_MODE_FALSE='#'
MAINTAINER_MODE_TRUE=''
MAKEINFO='${SHELL} '\''/Users/lambiengcode/Documents/webrtc/rnnoise/missing'\'' makeinfo'
MANIFEST_TOOL=':'
MKDIR_P='./install-sh -c -d'
NM='/usr/bin/nm -B'
NMEDIT='nmedit'
OBJDUMP='objdump'
OBJEXT='o'
OP_ENABLE_EXAMPLES_FALSE='#'
OP_ENABLE_EXAMPLES_TRUE=''
OP_LT_AGE='4'
OP_LT_CURRENT='4'
OP_LT_REVISION='1'
OP_WIN32_FALSE=''
OP_WIN32_TRUE='#'
OTOOL64=':'
OTOOL='otool'
PACKAGE='rnnoise'
PACKAGE_BUGREPORT='jmvalin@jmvalin.ca'
PACKAGE_NAME='rnnoise'
PACKAGE_STRING='rnnoise unknown'
PACKAGE_TARNAME='rnnoise'
PACKAGE_URL=''
PACKAGE_VERSION='unknown'
PATH_SEPARATOR=':'
RANLIB='ranlib'
SED='/usr/bin/sed'
SET_MAKE=''
SHELL='/bin/sh'
STRIP='strip'
VERSION='unknown'
ac_ct_AR='ar'
ac_ct_CC='gcc'
ac_ct_DUMPBIN=''
am__EXEEXT_FALSE=''
am__EXEEXT_TRUE='#'
am__fastdepCC_FALSE='#'
am__fastdepCC_TRUE=''
am__include='include'
am__isrc=''
am__leading_dot='.'
am__nodep='_no'
am__quote=''
am__tar='$${TAR-tar} chof - "$$tardir"'
am__untar='$${TAR-tar} xf -'
bindir='${exec_prefix}/bin'
build='x86_64-apple-darwin22.5.0'
build_alias=''
build_cpu='x86_64'
build_os='darwin22.5.0'
build_vendor='apple'
datadir='${datarootdir}'
datarootdir='${prefix}/share'
docdir='${datarootdir}/doc/${PACKAGE_TARNAME}'
dvidir='${docdir}'
exec_prefix='${prefix}'
host='x86_64-apple-darwin22.5.0'
host_alias=''
host_cpu='x86_64'
host_os='darwin22.5.0'
host_vendor='apple'
htmldir='${docdir}'
includedir='${prefix}/include'
infodir='${datarootdir}/info'
install_sh='${SHELL} /Users/lambiengcode/Documents/webrtc/rnnoise/install-sh'
libdir='${exec_prefix}/lib'
libexecdir='${exec_prefix}/libexec'
localedir='${datarootdir}/locale'
localstatedir='${prefix}/var'
lrintf_lib=''
mandir='${datarootdir}/man'
mkdir_p='$(MKDIR_P)'
oldincludedir='/usr/include'
pdfdir='${docdir}'
prefix='/usr/local'
program_transform_name='s,x,x,'
psdir='${docdir}'
runstatedir='${localstatedir}/run'
sbindir='${exec_prefix}/sbin'
sharedstatedir='${prefix}/com'
sysconfdir='${prefix}/etc'
target_alias=''

## ----------- ##
## confdefs.h. ##
## ----------- ##

/* confdefs.h */
#define PACKAGE_NAME "rnnoise"
#define PACKAGE_TARNAME "rnnoise"
#define PACKAGE_VERSION "unknown"
#define PACKAGE_STRING "rnnoise unknown"
#define PACKAGE_BUGREPORT "jmvalin@jmvalin.ca"
#define PACKAGE_URL ""
#define HAVE_STDIO_H 1
#define HAVE_STDLIB_H 1
#define HAVE_STRING_H 1
#define HAVE_INTTYPES_H 1
#define HAVE_STDINT_H 1
#define HAVE_STRINGS_H 1
#define HAVE_SYS_STAT_H 1
#define HAVE_SYS_TYPES_H 1
#define HAVE_UNISTD_H 1
#define HAVE_WCHAR_H 1
#define STDC_HEADERS 1
#define _ALL_SOURCE 1
#define _DARWIN_C_SOURCE 1
#define _GNU_SOURCE 1
#define _HPUX_ALT_XOPEN_SOCKET_API 1
#define _NETBSD_SOURCE 1
#define _OPENBSD_SOURCE 1
#define _POSIX_PTHREAD_SEMANTICS 1
#define __STDC_WANT_IEC_60559_ATTRIBS_EXT__ 1
#define __STDC_WANT_IEC_60559_BFP_EXT__ 1
#define __STDC_WANT_IEC_60559_DFP_EXT__ 1
#define __STDC_WANT_IEC_60559_FUNCS_EXT__ 1
#define __STDC_WANT_IEC_60559_TYPES_EXT__ 1
#define __STDC_WANT_LIB_EXT2__ 1
#define __STDC_WANT_MATH_SPEC_FUNCS__ 1
#define _TANDEM_SOURCE 1
#define __EXTENSIONS__ 1
#define HAVE_DLFCN_H 1
#define LT_OBJDIR ".libs/"
#define RNNOISE_BUILD /**/
#define SUPPORT_ATTRIBUTE_VISIBILITY_DEFAULT 1
#define SUPPORT_FLAG_VISIBILITY 1

configure: exit 0
